======================================
Test suite for 3-say_my_name module
======================================

>>> say_my_name = __import__('3-say_my_name').say_my_name

Testing normal names:
>>> say_my_name("John", "Smith")
My name is John Smith

>>> say_my_name("Walter", "White")
My name is Walter White

Testing only first name:
>>> say_my_name("Bob")
My name is Bob 

Testing invalid types (should raise TypeError):
>>> say_my_name(12, "White")
Traceback (most recent call last):
    ...
TypeError: first_name must be a string

>>> say_my_name("Walter", 12)
Traceback (most recent call last):
    ...
TypeError: last_name must be a string

>>> say_my_name(None, "White")
Traceback (most recent call last):
    ...
TypeError: first_name must be a string

Testing missing argument:
>>> say_my_name()
Traceback (most recent call last):
    ...
TypeError: say_my_name() missing 1 required positional argument: 'first_name'
